TN:
SF:src/index.ts
FN:1,(empty-report)
FNF:1
FNH:0
FNDA:0,(empty-report)
DA:1,0
DA:2,0
DA:3,0
DA:4,0
DA:5,0
DA:6,0
DA:7,0
DA:8,0
DA:9,0
DA:10,0
DA:11,0
DA:12,0
DA:13,0
DA:14,0
DA:15,0
DA:16,0
DA:17,0
DA:18,0
DA:19,0
DA:20,0
DA:21,0
DA:22,0
DA:23,0
DA:24,0
DA:25,0
DA:26,0
LF:26
LH:0
BRDA:1,0,0,0
BRF:1
BRH:0
end_of_record
TN:
SF:src/config/config.ts
FNF:0
FNH:0
DA:1,1
DA:2,1
DA:3,1
DA:4,1
LF:4
LH:4
BRF:0
BRH:0
end_of_record
TN:
SF:src/config/useFileStreamManagerSingleton.ts
FN:3,useFileStreamManagerSingleton
FNF:1
FNH:1
FNDA:36,useFileStreamManagerSingleton
DA:1,1
DA:2,1
DA:3,1
DA:4,36
LF:4
LH:4
BRDA:3,0,0,36
BRF:1
BRH:1
end_of_record
TN:
SF:src/functions/useFileStreamManager.ts
FN:51,useFileStreamManager
FN:55,open
FN:56,close
FN:57,write
FN:58,read
FN:59,flush
FN:60,subscribe
FN:61,unsubscribe
FN:62,getUsageCount
FN:63,isFileStreamOpen
FNF:10
FNH:8
FNDA:1,useFileStreamManager
FNDA:1,open
FNDA:1,close
FNDA:1,write
FNDA:1,read
FNDA:1,flush
FNDA:1,subscribe
FNDA:1,unsubscribe
FNDA:0,getUsageCount
FNDA:0,isFileStreamOpen
DA:1,1
DA:2,1
DA:3,1
DA:4,1
DA:5,1
DA:6,1
DA:7,1
DA:8,1
DA:9,1
DA:10,1
DA:11,1
DA:12,1
DA:13,1
DA:14,1
DA:15,1
DA:16,1
DA:17,1
DA:18,1
DA:19,1
DA:20,1
DA:21,1
DA:22,1
DA:23,1
DA:24,1
DA:25,1
DA:26,1
DA:27,1
DA:28,1
DA:29,1
DA:30,1
DA:31,1
DA:32,1
DA:33,1
DA:34,1
DA:35,1
DA:36,1
DA:37,1
DA:38,1
DA:39,1
DA:40,1
DA:41,1
DA:42,1
DA:43,1
DA:44,1
DA:45,1
DA:46,1
DA:47,1
DA:48,1
DA:49,1
DA:50,1
DA:51,1
DA:52,1
DA:53,1
DA:54,1
DA:55,1
DA:56,1
DA:57,1
DA:58,1
DA:59,1
DA:60,1
DA:61,1
DA:62,1
DA:63,1
DA:64,1
DA:65,1
LF:65
LH:65
BRDA:51,0,0,1
BRDA:55,1,0,1
BRDA:55,2,0,1
BRDA:55,3,0,2
BRDA:55,4,0,1
BRDA:55,5,0,1
BRDA:56,6,0,1
BRDA:56,7,0,1
BRDA:56,8,0,2
BRDA:56,9,0,1
BRDA:56,10,0,1
BRDA:57,11,0,1
BRDA:58,12,0,1
BRDA:58,13,0,1
BRDA:58,14,0,2
BRDA:58,15,0,1
BRDA:58,16,0,1
BRDA:59,17,0,1
BRDA:60,18,0,1
BRDA:60,19,0,1
BRDA:60,20,0,2
BRDA:60,21,0,1
BRDA:60,22,0,1
BRDA:61,23,0,1
BRDA:61,24,0,1
BRDA:61,25,0,2
BRDA:61,26,0,1
BRDA:61,27,0,1
BRF:28
BRH:28
end_of_record
TN:
SF:src/functions/basic/closeFileStream.ts
FN:37,closeFileStream
FNF:1
FNH:1
FNDA:207,closeFileStream
DA:1,1
DA:2,1
DA:3,1
DA:4,1
DA:5,1
DA:6,1
DA:7,1
DA:8,1
DA:9,1
DA:10,1
DA:11,1
DA:12,1
DA:13,1
DA:14,1
DA:15,1
DA:16,1
DA:17,1
DA:18,1
DA:19,1
DA:20,1
DA:21,1
DA:22,1
DA:23,1
DA:24,1
DA:25,1
DA:26,1
DA:27,1
DA:28,1
DA:29,1
DA:30,1
DA:31,1
DA:32,1
DA:33,1
DA:34,1
DA:35,1
DA:36,1
DA:37,1
DA:38,207
DA:39,207
DA:40,207
DA:41,207
DA:42,207
DA:43,207
DA:44,207
DA:45,207
DA:46,207
DA:47,207
DA:48,207
DA:49,8
DA:50,8
DA:51,207
DA:52,207
DA:53,207
DA:54,207
DA:55,207
DA:56,207
DA:57,207
DA:58,207
DA:59,207
DA:60,207
DA:61,207
DA:62,207
DA:63,207
DA:64,207
DA:65,207
DA:66,207
DA:67,207
DA:68,207
LF:68
LH:68
BRDA:37,0,0,207
BRDA:37,1,0,207
BRDA:48,2,0,8
BRF:3
BRH:3
end_of_record
TN:
SF:src/functions/basic/flushFileStream.ts
FN:35,flushFileStream
FNF:1
FNH:1
FNDA:3,flushFileStream
DA:1,1
DA:2,1
DA:3,1
DA:4,1
DA:5,1
DA:6,1
DA:7,1
DA:8,1
DA:9,1
DA:10,1
DA:11,1
DA:12,1
DA:13,1
DA:14,1
DA:15,1
DA:16,1
DA:17,1
DA:18,1
DA:19,1
DA:20,1
DA:21,1
DA:22,1
DA:23,1
DA:24,1
DA:25,1
DA:26,1
DA:27,1
DA:28,1
DA:29,1
DA:30,1
DA:31,1
DA:32,1
DA:33,1
DA:34,1
DA:35,1
DA:36,3
DA:37,3
DA:38,3
DA:39,3
DA:40,3
DA:41,3
DA:42,3
DA:43,3
DA:44,3
DA:45,3
DA:46,1
DA:47,1
DA:48,1
DA:49,1
DA:50,1
DA:51,1
DA:52,1
DA:53,0
DA:54,0
DA:55,0
DA:56,0
DA:57,0
DA:58,0
DA:59,1
DA:60,3
LF:60
LH:54
BRDA:35,0,0,3
BRDA:45,1,0,1
BRDA:52,2,0,0
BRF:3
BRH:2
end_of_record
TN:
SF:src/functions/basic/getFileStreamUsageCount.ts
FN:39,getFileStreamUsageCount
FNF:1
FNH:1
FNDA:102,getFileStreamUsageCount
DA:1,1
DA:2,1
DA:3,1
DA:4,1
DA:5,1
DA:6,1
DA:7,1
DA:8,1
DA:9,1
DA:10,1
DA:11,1
DA:12,1
DA:13,1
DA:14,1
DA:15,1
DA:16,1
DA:17,1
DA:18,1
DA:19,1
DA:20,1
DA:21,1
DA:22,1
DA:23,1
DA:24,1
DA:25,1
DA:26,1
DA:27,1
DA:28,1
DA:29,1
DA:30,1
DA:31,1
DA:32,1
DA:33,1
DA:34,1
DA:35,1
DA:36,1
DA:37,1
DA:38,1
DA:39,1
DA:40,102
DA:41,102
DA:42,102
DA:43,102
DA:44,102
DA:45,102
DA:46,102
DA:47,102
DA:48,1
DA:49,1
DA:50,1
DA:51,1
DA:52,1
DA:53,1
DA:54,100
DA:55,100
DA:56,102
DA:57,2
DA:58,1
DA:59,1
DA:60,1
DA:61,1
DA:62,1
DA:63,1
DA:64,1
DA:65,1
DA:66,0
DA:67,0
DA:68,2
DA:69,102
LF:69
LH:67
BRDA:39,0,0,102
BRDA:47,1,0,1
BRDA:54,2,0,100
BRDA:56,3,0,2
BRDA:57,4,0,1
BRDA:65,5,0,0
BRF:6
BRH:5
end_of_record
TN:
SF:src/functions/basic/isFileStreamOpen.ts
FN:11,isFileStreamOpen
FNF:1
FNH:1
FNDA:2,isFileStreamOpen
DA:1,1
DA:2,1
DA:3,1
DA:4,1
DA:5,1
DA:6,1
DA:7,1
DA:8,1
DA:9,1
DA:10,1
DA:11,1
DA:12,2
DA:13,2
DA:14,2
DA:15,2
DA:16,2
DA:17,2
DA:18,2
LF:18
LH:18
BRDA:11,0,0,2
BRF:1
BRH:1
end_of_record
TN:
SF:src/functions/basic/openFileStream.ts
FN:50,openFileStream
FN:85,onExitCB
FNF:2
FNH:2
FNDA:307,openFileStream
FNDA:206,onExitCB
DA:1,1
DA:2,1
DA:3,1
DA:4,1
DA:5,1
DA:6,1
DA:7,1
DA:8,1
DA:9,1
DA:10,1
DA:11,1
DA:12,1
DA:13,1
DA:14,1
DA:15,1
DA:16,1
DA:17,1
DA:18,1
DA:19,1
DA:20,1
DA:21,1
DA:22,1
DA:23,1
DA:24,1
DA:25,1
DA:26,1
DA:27,1
DA:28,1
DA:29,1
DA:30,1
DA:31,1
DA:32,1
DA:33,1
DA:34,1
DA:35,1
DA:36,1
DA:37,1
DA:38,1
DA:39,1
DA:40,1
DA:41,1
DA:42,1
DA:43,1
DA:44,1
DA:45,1
DA:46,1
DA:47,1
DA:48,1
DA:49,1
DA:50,1
DA:51,307
DA:52,307
DA:53,307
DA:54,307
DA:55,307
DA:56,307
DA:57,307
DA:58,307
DA:59,307
DA:60,1
DA:61,1
DA:62,1
DA:63,1
DA:64,1
DA:65,307
DA:66,307
DA:67,307
DA:68,307
DA:69,307
DA:70,307
DA:71,9
DA:72,9
DA:73,307
DA:74,307
DA:75,306
DA:76,306
DA:77,306
DA:78,306
DA:79,306
DA:80,306
DA:81,306
DA:82,306
DA:83,306
DA:84,306
DA:85,306
DA:86,206
DA:87,206
DA:88,206
DA:89,206
DA:90,206
DA:91,206
DA:92,206
DA:93,206
DA:94,0
DA:95,0
DA:96,0
DA:97,0
DA:98,0
DA:99,0
DA:100,0
DA:101,206
DA:102,206
DA:103,206
DA:104,206
DA:105,206
DA:106,206
DA:107,206
DA:108,206
DA:109,306
DA:110,306
DA:111,306
DA:112,306
DA:113,306
DA:114,307
DA:115,307
DA:116,307
DA:117,307
DA:118,307
DA:119,307
DA:120,307
DA:121,307
DA:122,307
DA:123,307
DA:124,307
LF:124
LH:117
BRDA:50,0,0,307
BRDA:53,1,0,307
BRDA:59,2,0,1
BRDA:70,3,0,9
BRDA:123,4,0,306
BRDA:74,5,0,306
BRDA:77,6,0,0
BRDA:77,7,0,0
BRDA:78,8,0,0
BRDA:78,9,0,0
BRDA:80,10,0,0
BRDA:80,11,0,0
BRDA:85,12,0,206
BRDA:85,13,0,206
BRDA:87,14,0,0
BRDA:88,15,0,0
BRDA:93,16,0,0
BRF:17
BRH:8
end_of_record
TN:
SF:src/functions/basic/readFileStream.ts
FN:32,readFileStream
FNF:1
FNH:1
FNDA:103,readFileStream
DA:1,1
DA:2,1
DA:3,1
DA:4,1
DA:5,1
DA:6,1
DA:7,1
DA:8,1
DA:9,1
DA:10,1
DA:11,1
DA:12,1
DA:13,1
DA:14,1
DA:15,1
DA:16,1
DA:17,1
DA:18,1
DA:19,1
DA:20,1
DA:21,1
DA:22,1
DA:23,1
DA:24,1
DA:25,1
DA:26,1
DA:27,1
DA:28,1
DA:29,1
DA:30,1
DA:31,1
DA:32,1
DA:33,103
DA:34,103
DA:35,103
DA:36,103
DA:37,103
DA:38,103
DA:39,103
DA:40,103
DA:41,103
DA:42,103
DA:43,103
DA:44,103
DA:45,103
DA:46,103
DA:47,103
DA:48,103
DA:49,103
DA:50,103
DA:51,103
DA:52,103
DA:53,103
DA:54,103
DA:55,103
DA:56,103
DA:57,103
DA:58,103
DA:59,103
DA:60,103
LF:60
LH:60
BRDA:32,0,0,103
BRDA:32,1,0,103
BRDA:35,2,0,103
BRF:3
BRH:3
end_of_record
TN:
SF:src/functions/basic/subscribeToFileStream.ts
FN:30,subscribeToFileStream
FNF:1
FNH:1
FNDA:10001,subscribeToFileStream
DA:1,1
DA:2,1
DA:3,1
DA:4,1
DA:5,1
DA:6,1
DA:7,1
DA:8,1
DA:9,1
DA:10,1
DA:11,1
DA:12,1
DA:13,1
DA:14,1
DA:15,1
DA:16,1
DA:17,1
DA:18,1
DA:19,1
DA:20,1
DA:21,1
DA:22,1
DA:23,1
DA:24,1
DA:25,1
DA:26,1
DA:27,1
DA:28,1
DA:29,1
DA:30,1
DA:31,10001
DA:32,10001
DA:33,10001
DA:34,10001
DA:35,10001
DA:36,101
DA:37,10001
DA:38,10001
DA:39,10001
DA:40,10001
DA:41,9900
DA:42,10001
DA:43,10001
DA:44,10001
DA:45,10001
DA:46,10001
DA:47,10001
DA:48,10001
DA:49,10001
LF:49
LH:49
BRDA:30,0,0,10001
BRDA:30,1,0,10001
BRDA:35,2,0,9900
BRDA:35,3,0,101
BRDA:40,4,0,101
BRDA:41,5,0,9900
BRF:6
BRH:6
end_of_record
TN:
SF:src/functions/basic/unsubscribeFromFileStream.ts
FN:46,unsubscribeFromFileStream
FNF:1
FNH:1
FNDA:10003,unsubscribeFromFileStream
DA:1,1
DA:2,1
DA:3,1
DA:4,1
DA:5,1
DA:6,1
DA:7,1
DA:8,1
DA:9,1
DA:10,1
DA:11,1
DA:12,1
DA:13,1
DA:14,1
DA:15,1
DA:16,1
DA:17,1
DA:18,1
DA:19,1
DA:20,1
DA:21,1
DA:22,1
DA:23,1
DA:24,1
DA:25,1
DA:26,1
DA:27,1
DA:28,1
DA:29,1
DA:30,1
DA:31,1
DA:32,1
DA:33,1
DA:34,1
DA:35,1
DA:36,1
DA:37,1
DA:38,1
DA:39,1
DA:40,1
DA:41,1
DA:42,1
DA:43,1
DA:44,1
DA:45,1
DA:46,1
DA:47,10003
DA:48,10003
DA:49,10003
DA:50,10003
DA:51,10003
DA:52,10003
DA:53,10003
DA:54,1
DA:55,1
DA:56,1
DA:57,1
DA:58,1
DA:59,10001
DA:60,10001
DA:61,10001
DA:62,10001
DA:63,101
DA:64,101
DA:65,101
DA:66,10003
DA:67,10003
DA:68,10003
DA:69,1
DA:70,1
DA:71,1
DA:72,1
DA:73,1
DA:74,1
DA:75,1
DA:76,1
DA:77,0
DA:78,0
DA:79,0
DA:80,0
DA:81,0
DA:82,0
DA:83,10003
DA:84,10003
LF:84
LH:78
BRDA:46,0,0,10003
BRDA:46,1,0,10003
BRDA:53,2,0,1
BRDA:59,3,0,10001
BRDA:62,4,0,9900
BRDA:62,5,0,101
BRDA:68,6,0,1
BRDA:76,7,0,0
BRF:8
BRH:7
end_of_record
TN:
SF:src/functions/basic/writeFileStream.ts
FN:52,writeFileStream
FNF:1
FNH:1
FNDA:103,writeFileStream
DA:1,1
DA:2,1
DA:3,1
DA:4,1
DA:5,1
DA:6,1
DA:7,1
DA:8,1
DA:9,1
DA:10,1
DA:11,1
DA:12,1
DA:13,1
DA:14,1
DA:15,1
DA:16,1
DA:17,1
DA:18,1
DA:19,1
DA:20,1
DA:21,1
DA:22,1
DA:23,1
DA:24,1
DA:25,1
DA:26,1
DA:27,1
DA:28,1
DA:29,1
DA:30,1
DA:31,1
DA:32,1
DA:33,1
DA:34,1
DA:35,1
DA:36,1
DA:37,1
DA:38,1
DA:39,1
DA:40,1
DA:41,1
DA:42,1
DA:43,1
DA:44,1
DA:45,1
DA:46,1
DA:47,1
DA:48,1
DA:49,1
DA:50,1
DA:51,1
DA:52,1
DA:53,103
DA:54,103
DA:55,103
DA:56,103
DA:57,103
DA:58,103
DA:59,103
DA:60,103
DA:61,103
DA:62,103
DA:63,103
DA:64,103
DA:65,103
DA:66,1
DA:67,1
DA:68,1
DA:69,1
DA:70,1
DA:71,1
DA:72,1
DA:73,0
DA:74,0
DA:75,0
DA:76,0
DA:77,0
DA:78,0
DA:79,1
DA:80,103
LF:80
LH:74
BRDA:52,0,0,103
BRDA:65,1,0,1
BRDA:72,2,0,0
BRF:3
BRH:2
end_of_record
TN:
SF:src/functions/utility/forceCloseOfAllFileStreams.ts
FN:27,forceCloseOfAllFileStreams
FNF:1
FNH:1
FNDA:1,forceCloseOfAllFileStreams
DA:1,1
DA:2,1
DA:3,1
DA:4,1
DA:5,1
DA:6,1
DA:7,1
DA:8,1
DA:9,1
DA:10,1
DA:11,1
DA:12,1
DA:13,1
DA:14,1
DA:15,1
DA:16,1
DA:17,1
DA:18,1
DA:19,1
DA:20,1
DA:21,1
DA:22,1
DA:23,1
DA:24,1
DA:25,1
DA:26,1
DA:27,1
DA:28,1
DA:29,1
DA:30,1
DA:31,1
DA:32,100
DA:33,100
DA:34,100
DA:35,100
DA:36,1
DA:37,1
DA:38,0
DA:39,0
DA:40,0
DA:41,0
DA:42,0
DA:43,0
DA:44,1
LF:44
LH:38
BRDA:27,0,0,1
BRDA:37,1,0,0
BRDA:31,2,0,100
BRDA:31,3,0,100
BRF:4
BRH:3
end_of_record
TN:
SF:src/functions/utility/getOpenFileStreams.ts
FN:10,getOpenFileStreams
FNF:1
FNH:1
FNDA:2,getOpenFileStreams
DA:1,1
DA:2,1
DA:3,1
DA:4,1
DA:5,1
DA:6,1
DA:7,1
DA:8,1
DA:9,1
DA:10,1
DA:11,2
DA:12,2
DA:13,2
DA:14,2
DA:15,2
DA:16,2
DA:17,2
LF:17
LH:17
BRDA:10,0,0,2
BRDA:14,1,0,100
BRF:2
BRH:2
end_of_record
TN:
SF:src/helpers/addProcessListener.ts
FN:7,addProcessListeners
FNF:1
FNH:1
FNDA:9,addProcessListeners
DA:1,1
DA:2,1
DA:3,1
DA:4,1
DA:5,1
DA:6,1
DA:7,1
DA:8,9
DA:9,9
DA:10,9
DA:11,9
LF:11
LH:11
BRDA:7,0,0,9
BRF:1
BRH:1
end_of_record
TN:
SF:src/helpers/createFileAndFolderIfDoesntExist.ts
FN:9,createFileAndFolderIfDoesntExist
FNF:1
FNH:1
FNDA:306,createFileAndFolderIfDoesntExist
DA:1,1
DA:2,1
DA:3,1
DA:4,1
DA:5,1
DA:6,1
DA:7,1
DA:8,1
DA:9,1
DA:10,306
DA:11,306
DA:12,306
DA:13,306
DA:14,306
DA:15,306
DA:16,306
DA:17,306
DA:18,306
DA:19,306
DA:20,306
DA:21,306
DA:22,306
LF:22
LH:22
BRDA:9,0,0,306
BRDA:9,1,0,306
BRF:2
BRH:2
end_of_record
TN:
SF:src/helpers/createOpenFileStreamKey.ts
FN:3,createOpenFileStreamKey
FNF:1
FNH:1
FNDA:20931,createOpenFileStreamKey
DA:1,1
DA:2,1
DA:3,1
DA:4,20931
DA:5,20931
LF:5
LH:5
BRDA:3,0,0,20931
BRF:1
BRH:1
end_of_record
TN:
SF:src/helpers/ensureNodeEnvironment.ts
FN:12,ensureNodeEnvironment
FNF:1
FNH:1
FNDA:20835,ensureNodeEnvironment
DA:1,1
DA:2,1
DA:3,1
DA:4,1
DA:5,1
DA:6,1
DA:7,1
DA:8,1
DA:9,1
DA:10,1
DA:11,1
DA:12,1
DA:13,20835
DA:14,0
DA:15,0
DA:16,0
DA:17,0
DA:18,0
DA:19,20835
LF:19
LH:14
BRDA:12,0,0,20835
BRDA:13,1,0,0
BRF:2
BRH:1
end_of_record
TN:
SF:src/helpers/getAllFileStreamSingletonKeys.ts
FN:6,getAllFileStreamSingletonKeys
FNF:1
FNH:1
FNDA:10528,getAllFileStreamSingletonKeys
DA:1,1
DA:2,1
DA:3,1
DA:4,1
DA:5,1
DA:6,1
DA:7,10528
DA:8,10528
DA:9,10528
DA:10,10528
LF:10
LH:10
BRDA:6,0,0,10528
BRDA:7,1,0,530055
BRF:2
BRH:2
end_of_record
TN:
SF:src/helpers/removeProcessListeners.ts
FN:7,removeProcessListeners
FNF:1
FNH:1
FNDA:8,removeProcessListeners
DA:1,1
DA:2,1
DA:3,1
DA:4,1
DA:5,1
DA:6,1
DA:7,1
DA:8,8
DA:9,8
DA:10,8
DA:11,8
LF:11
LH:11
BRDA:7,0,0,8
BRF:1
BRH:1
end_of_record
TN:
SF:src/helpers/runAllStreamCleanupCallbacks.ts
FN:10,runAllStreamCleanupCallbacks
FNF:1
FNH:0
FNDA:0,runAllStreamCleanupCallbacks
DA:1,1
DA:2,1
DA:3,1
DA:4,1
DA:5,1
DA:6,1
DA:7,1
DA:8,1
DA:9,1
DA:10,1
DA:11,0
DA:12,0
DA:13,0
DA:14,0
DA:15,0
DA:16,0
LF:16
LH:10
BRF:0
BRH:0
end_of_record
TN:
SF:src/types/LoggerOptions.ts
FN:1,(empty-report)
FNF:1
FNH:0
FNDA:0,(empty-report)
DA:1,0
DA:2,0
DA:3,0
DA:4,0
DA:5,0
DA:6,0
DA:7,0
DA:8,0
DA:9,0
DA:10,0
DA:11,0
DA:12,0
LF:12
LH:0
BRDA:1,0,0,0
BRF:1
BRH:0
end_of_record
TN:
SF:src/types/OpenFIleStreamSingletonObject.ts
FN:1,(empty-report)
FNF:1
FNH:0
FNDA:0,(empty-report)
DA:1,0
DA:2,0
DA:3,0
DA:4,0
DA:5,0
DA:6,0
DA:7,0
DA:8,0
DA:9,0
DA:10,0
DA:11,0
DA:12,0
DA:13,0
DA:14,0
DA:15,0
DA:16,0
DA:17,0
DA:18,0
LF:18
LH:0
BRDA:1,0,0,0
BRF:1
BRH:0
end_of_record
TN:
SF:src/types/StreamOptionsType.ts
FN:1,(empty-report)
FNF:1
FNH:0
FNDA:0,(empty-report)
DA:1,0
DA:2,0
DA:3,0
DA:4,0
DA:5,0
DA:6,0
DA:7,0
DA:8,0
DA:9,0
DA:10,0
DA:11,0
DA:12,0
DA:13,0
DA:14,0
DA:15,0
DA:16,0
LF:16
LH:0
BRDA:1,0,0,0
BRF:1
BRH:0
end_of_record
